---- Space Group infomation ----
Crystal system :rhombohedral
Bravais Lattice: rhombohedral lattice
Point Group:D3d

Index of Space group    :#166 (1)
Schoenflies symbol      :D3d5
Hermann-Mauguin symbol  :R-3m

Group Elements
  1   1  E       X  Y  Z   0/1  0/1  0/1
  2   3  C3+    -Y  W  Z   0/1  0/1  0/1
  3   5  C6-    -W -X  Z   0/1  0/1  0/1
  4  10  C212    W -Y -Z   0/1  0/1  0/1
  5  11  C222   -X -W -Z   0/1  0/1  0/1
  6  12  C232    Y  X -Z   0/1  0/1  0/1
  7  13  IE     -X -Y -Z   0/1  0/1  0/1
  8  15  IC3+    Y -W -Z   0/1  0/1  0/1
  9  17  IC6-    W  X -Z   0/1  0/1  0/1
 10  22  IC212  -W  Y  Z   0/1  0/1  0/1
 11  23  IC222   X  W  Z   0/1  0/1  0/1
 12  24  IC232  -Y -X  Z   0/1  0/1  0/1

Group Table
  1  3  5 10 11 12 13 15 17 22 23 24
  3  5  1 12 10 11 15 17 13 24 22 23
  5  1  3 11 12 10 17 13 15 23 24 22
 10 11 12  1  3  5 22 23 24 13 15 17
 11 12 10  5  1  3 23 24 22 17 13 15
 12 10 11  3  5  1 24 22 23 15 17 13
 13 15 17 22 23 24  1  3  5 10 11 12
 15 17 13 24 22 23  3  5  1 12 10 11
 17 13 15 23 24 22  5  1  3 11 12 10
 22 23 24 13 15 17 10 11 12  1  3  5
 23 24 22 17 13 15 11 12 10  5  1  3
 24 22 23 15 17 13 12 10 11  3  5  1

Basis set:
 t[1] =   4.691744  0.000000  0.000000
 t[2] =  -2.345872  4.063170  0.000000
 t[3] =   0.000000  0.000000  6.877575

--- self test for lattice constant ---
 reconstruct a, b, c, alpha, beta and gammma
  a = 4.691744 [ang] (err=0.000e+00)
  b = 4.691744 [ang] (err=0.000e+00)
  c = 6.877575 [ang] (err=0.000e+00)
  c/a =  1.46589

  alpha = 90.00000 [deg] (err=0.000e+00)
  beta  = 90.00000 [deg] (err=0.000e+00)
  gamma = 120.00000 [deg] (err=1.421e-14)

  volume = 131.109643 [ang^3]

-- Atomic Position(not including sublattice):
    (Hexagonal axis Coordinate)
Atom:Bi  wyckoff_position:6c
 (  1)   0.000000   0.000000  -0.387810
 (  2)   0.000000   0.000000   0.387810
Atom:Te  wyckoff_position:3a
 (  3)   0.000000   0.000000   0.000000
Atom:Te  wyckoff_position:6c
 (  4)   0.000000   0.000000   0.203886
 (  5)   0.000000   0.000000  -0.203886


Lattice constant in trigonal axis coordinate
  a_trg = 3.548684 [ang]
  alpha_trg = 82.760627 [deg]

-- Atomic Position(primitive unit cell):
    (trigonal axis Coordinate)
Atom:Bi  wyckoff_position:6c
 (  1)  -0.387810  -0.387810  -0.387810
 (  2)   0.387810   0.387810   0.387810
Atom:Te  wyckoff_position:3a
 (  3)   0.000000   0.000000   0.000000
Atom:Te  wyckoff_position:6c
 (  4)   0.203886   0.203886   0.203886
 (  5)  -0.203886  -0.203886  -0.203886


-- Atomic Position(including sublattice):
sublattice points in this lattice:
  (1)   0.33333   0.66667   0.66667
  (2)   0.66667   0.33333   0.33333
atomic coordinate:
 (  1) atom:Bi   0.000000   0.000000  -0.387810
 (  2) atom:Bi   0.333333  -0.333333   0.278856
 (  3) atom:Bi  -0.333333   0.333333  -0.054477
 (  4) atom:Bi   0.000000   0.000000   0.387810
 (  5) atom:Bi   0.333333  -0.333333   0.054477
 (  6) atom:Bi  -0.333333   0.333333  -0.278856
 (  7) atom:Te   0.000000   0.000000   0.000000
 (  8) atom:Te   0.333333  -0.333333  -0.333333
 (  9) atom:Te  -0.333333   0.333333   0.333333
 ( 10) atom:Te   0.000000   0.000000   0.203886
 ( 11) atom:Te   0.333333  -0.333333  -0.129447
 ( 12) atom:Te  -0.333333   0.333333  -0.462780
 ( 13) atom:Te   0.000000   0.000000  -0.203886
 ( 14) atom:Te   0.333333  -0.333333   0.462780
 ( 15) atom:Te  -0.333333   0.333333   0.129447

---- Neighbor Table ----
From atom( 1):Bi
  to atom( 2): Bi length =  3.54868 ang (= 0.75637); sum of 2 atomic radii = 1.60000 ang  state ... OK ( 1.94868 ang, 221.79%)
  to atom( 3): Bi length =  3.54868 ang (= 0.75637); sum of 2 atomic radii = 1.60000 ang  state ... OK ( 1.94868 ang, 221.79%)
  to atom( 4): Bi length =  1.54319 ang (= 0.32892); sum of 2 atomic radii = 1.60000 ang  state ... NG (-0.05681 ang,  96.45%)
  to atom( 5): Bi length =  4.07313 ang (= 0.86815); sum of 2 atomic radii = 1.60000 ang  state ... OK ( 2.47313 ang, 254.57%)
  to atom( 6): Bi length =  2.81052 ang (= 0.59903); sum of 2 atomic radii = 1.60000 ang  state ... OK ( 1.21052 ang, 175.66%)
  to atom( 7): Te length =  2.66719 ang (= 0.56849); sum of 2 atomic radii = 1.40000 ang  state ... OK ( 1.26719 ang, 190.51%)
  to atom( 8): Te length =  2.73457 ang (= 0.58285); sum of 2 atomic radii = 1.40000 ang  state ... OK ( 1.33457 ang, 195.33%)
  to atom( 9): Te length =  3.31898 ang (= 0.70741); sum of 2 atomic radii = 1.40000 ang  state ... OK ( 1.91898 ang, 237.07%)
  to atom(10): Te length =  2.80814 ang (= 0.59853); sum of 2 atomic radii = 1.40000 ang  state ... OK ( 1.40814 ang, 200.58%)
  to atom(11): Te length =  3.23958 ang (= 0.69049); sum of 2 atomic radii = 1.40000 ang  state ... OK ( 1.83958 ang, 231.40%)
  to atom(12): Te length =  2.75742 ang (= 0.58772); sum of 2 atomic radii = 1.40000 ang  state ... OK ( 1.35742 ang, 196.96%)
  to atom(13): Te length =  1.26495 ang (= 0.26961); sum of 2 atomic radii = 1.40000 ang  state ... NG (-0.13505 ang,  90.35%)
  to atom(14): Te length =  2.89714 ang (= 0.61750); sum of 2 atomic radii = 1.40000 ang  state ... OK ( 1.49714 ang, 206.94%)
  to atom(15): Te length =  4.28492 ang (= 0.91329); sum of 2 atomic radii = 1.40000 ang  state ... OK ( 2.88492 ang, 306.07%)
From atom( 2):Bi
  to atom( 3): Bi length =  3.54868 ang (= 0.75637); sum of 2 atomic radii = 1.60000 ang  state ... OK ( 1.94868 ang, 221.79%)
  to atom( 4): Bi length =  2.81052 ang (= 0.59903); sum of 2 atomic radii = 1.60000 ang  state ... OK ( 1.21052 ang, 175.66%)
  to atom( 5): Bi length =  1.54319 ang (= 0.32892); sum of 2 atomic radii = 1.60000 ang  state ... NG (-0.05681 ang,  96.45%)
  to atom( 6): Bi length =  4.69576 ang (= 1.00086); sum of 2 atomic radii = 1.60000 ang  state ... OK ( 3.09576 ang, 293.49%)
  to atom( 7): Te length =  3.31898 ang (= 0.70741); sum of 2 atomic radii = 1.40000 ang  state ... OK ( 1.91898 ang, 237.07%)
  to atom( 8): Te length =  4.21038 ang (= 0.89740); sum of 2 atomic radii = 1.40000 ang  state ... OK ( 2.81038 ang, 300.74%)
  to atom( 9): Te length =  2.73457 ang (= 0.58285); sum of 2 atomic radii = 1.40000 ang  state ... OK ( 1.33457 ang, 195.33%)
  to atom(10): Te length =  2.75742 ang (= 0.58772); sum of 2 atomic radii = 1.40000 ang  state ... OK ( 1.35742 ang, 196.96%)
  to atom(11): Te length =  2.80814 ang (= 0.59853); sum of 2 atomic radii = 1.40000 ang  state ... OK ( 1.40814 ang, 200.58%)
  to atom(12): Te length =  5.77531 ang (= 1.23095); sum of 2 atomic radii = 1.40000 ang  state ... OK ( 4.37531 ang, 412.52%)
  to atom(13): Te length =  4.28492 ang (= 0.91329); sum of 2 atomic radii = 1.40000 ang  state ... OK ( 2.88492 ang, 306.07%)
  to atom(14): Te length =  1.26495 ang (= 0.26961); sum of 2 atomic radii = 1.40000 ang  state ... NG (-0.13505 ang,  90.35%)
  to atom(15): Te length =  2.89714 ang (= 0.61750); sum of 2 atomic radii = 1.40000 ang  state ... OK ( 1.49714 ang, 206.94%)
From atom( 3):Bi
  to atom( 4): Bi length =  4.07313 ang (= 0.86815); sum of 2 atomic radii = 1.60000 ang  state ... OK ( 2.47313 ang, 254.57%)
  to atom( 5): Bi length =  2.81052 ang (= 0.59903); sum of 2 atomic radii = 1.60000 ang  state ... OK ( 1.21052 ang, 175.66%)
  to atom( 6): Bi length =  1.54319 ang (= 0.32892); sum of 2 atomic radii = 1.60000 ang  state ... NG (-0.05681 ang,  96.45%)
  to atom( 7): Te length =  2.73457 ang (= 0.58285); sum of 2 atomic radii = 1.40000 ang  state ... OK ( 1.33457 ang, 195.33%)
  to atom( 8): Te length =  3.31898 ang (= 0.70741); sum of 2 atomic radii = 1.40000 ang  state ... OK ( 1.91898 ang, 237.07%)
  to atom( 9): Te length =  2.66719 ang (= 0.56849); sum of 2 atomic radii = 1.40000 ang  state ... OK ( 1.26719 ang, 190.51%)
  to atom(10): Te length =  3.23958 ang (= 0.69049); sum of 2 atomic radii = 1.40000 ang  state ... OK ( 1.83958 ang, 231.40%)
  to atom(11): Te length =  2.75742 ang (= 0.58772); sum of 2 atomic radii = 1.40000 ang  state ... OK ( 1.35742 ang, 196.96%)
  to atom(12): Te length =  2.80814 ang (= 0.59853); sum of 2 atomic radii = 1.40000 ang  state ... OK ( 1.40814 ang, 200.58%)
  to atom(13): Te length =  2.89714 ang (= 0.61750); sum of 2 atomic radii = 1.40000 ang  state ... OK ( 1.49714 ang, 206.94%)
  to atom(14): Te length =  4.28492 ang (= 0.91329); sum of 2 atomic radii = 1.40000 ang  state ... OK ( 2.88492 ang, 306.07%)
  to atom(15): Te length =  1.26495 ang (= 0.26961); sum of 2 atomic radii = 1.40000 ang  state ... NG (-0.13505 ang,  90.35%)
From atom( 4):Bi
  to atom( 5): Bi length =  3.54868 ang (= 0.75637); sum of 2 atomic radii = 1.60000 ang  state ... OK ( 1.94868 ang, 221.79%)
  to atom( 6): Bi length =  5.32543 ang (= 1.13506); sum of 2 atomic radii = 1.60000 ang  state ... OK ( 3.72543 ang, 332.84%)
  to atom( 7): Te length =  2.66719 ang (= 0.56849); sum of 2 atomic radii = 1.40000 ang  state ... OK ( 1.26719 ang, 190.51%)
  to atom( 8): Te length =  5.65122 ang (= 1.20450); sum of 2 atomic radii = 1.40000 ang  state ... OK ( 4.25122 ang, 403.66%)
  to atom( 9): Te length =  2.73457 ang (= 0.58285); sum of 2 atomic radii = 1.40000 ang  state ... OK ( 1.33457 ang, 195.33%)
  to atom(10): Te length =  1.26495 ang (= 0.26961); sum of 2 atomic radii = 1.40000 ang  state ... NG (-0.13505 ang,  90.35%)
  to atom(11): Te length =  4.47137 ang (= 0.95303); sum of 2 atomic radii = 1.40000 ang  state ... OK ( 3.07137 ang, 319.38%)
  to atom(12): Te length =  6.44670 ang (= 1.37405); sum of 2 atomic radii = 1.40000 ang  state ... OK ( 5.04670 ang, 460.48%)
  to atom(13): Te length =  4.06944 ang (= 0.86736); sum of 2 atomic radii = 1.40000 ang  state ... OK ( 2.66944 ang, 290.67%)
  to atom(14): Te length =  2.75742 ang (= 0.58772); sum of 2 atomic radii = 1.40000 ang  state ... OK ( 1.35742 ang, 196.96%)
  to atom(15): Te length =  3.23958 ang (= 0.69049); sum of 2 atomic radii = 1.40000 ang  state ... OK ( 1.83958 ang, 231.40%)
From atom( 5):Bi
  to atom( 6): Bi length =  3.54868 ang (= 0.75637); sum of 2 atomic radii = 1.60000 ang  state ... OK ( 1.94868 ang, 221.79%)
  to atom( 7): Te length =  2.73457 ang (= 0.58285); sum of 2 atomic radii = 1.40000 ang  state ... OK ( 1.33457 ang, 195.33%)
  to atom( 8): Te length =  2.66719 ang (= 0.56849); sum of 2 atomic radii = 1.40000 ang  state ... OK ( 1.26719 ang, 190.51%)
  to atom( 9): Te length =  3.31898 ang (= 0.70741); sum of 2 atomic radii = 1.40000 ang  state ... OK ( 1.91898 ang, 237.07%)
  to atom(10): Te length =  2.89714 ang (= 0.61750); sum of 2 atomic radii = 1.40000 ang  state ... OK ( 1.49714 ang, 206.94%)
  to atom(11): Te length =  1.26495 ang (= 0.26961); sum of 2 atomic radii = 1.40000 ang  state ... NG (-0.13505 ang,  90.35%)
  to atom(12): Te length =  4.47137 ang (= 0.95303); sum of 2 atomic radii = 1.40000 ang  state ... OK ( 3.07137 ang, 319.38%)
  to atom(13): Te length =  3.23958 ang (= 0.69049); sum of 2 atomic radii = 1.40000 ang  state ... OK ( 1.83958 ang, 231.40%)
  to atom(14): Te length =  2.80814 ang (= 0.59853); sum of 2 atomic radii = 1.40000 ang  state ... OK ( 1.40814 ang, 200.58%)
  to atom(15): Te length =  2.75742 ang (= 0.58772); sum of 2 atomic radii = 1.40000 ang  state ... OK ( 1.35742 ang, 196.96%)
From atom( 6):Bi
  to atom( 7): Te length =  3.31898 ang (= 0.70741); sum of 2 atomic radii = 1.40000 ang  state ... OK ( 1.91898 ang, 237.07%)
  to atom( 8): Te length =  2.73457 ang (= 0.58285); sum of 2 atomic radii = 1.40000 ang  state ... OK ( 1.33457 ang, 195.33%)
  to atom( 9): Te length =  2.66719 ang (= 0.56849); sum of 2 atomic radii = 1.40000 ang  state ... OK ( 1.26719 ang, 190.51%)
  to atom(10): Te length =  4.28492 ang (= 0.91329); sum of 2 atomic radii = 1.40000 ang  state ... OK ( 2.88492 ang, 306.07%)
  to atom(11): Te length =  2.89714 ang (= 0.61750); sum of 2 atomic radii = 1.40000 ang  state ... OK ( 1.49714 ang, 206.94%)
  to atom(12): Te length =  1.26495 ang (= 0.26961); sum of 2 atomic radii = 1.40000 ang  state ... NG (-0.13505 ang,  90.35%)
  to atom(13): Te length =  2.75742 ang (= 0.58772); sum of 2 atomic radii = 1.40000 ang  state ... OK ( 1.35742 ang, 196.96%)
  to atom(14): Te length =  3.23958 ang (= 0.69049); sum of 2 atomic radii = 1.40000 ang  state ... OK ( 1.83958 ang, 231.40%)
  to atom(15): Te length =  2.80814 ang (= 0.59853); sum of 2 atomic radii = 1.40000 ang  state ... OK ( 1.40814 ang, 200.58%)
From atom( 7):Te
  to atom( 8): Te length =  3.54868 ang (= 0.75637); sum of 2 atomic radii = 1.40000 ang  state ... OK ( 2.14868 ang, 253.48%)
  to atom( 9): Te length =  3.54868 ang (= 0.75637); sum of 2 atomic radii = 1.40000 ang  state ... OK ( 2.14868 ang, 253.48%)
  to atom(10): Te length =  1.40224 ang (= 0.29887); sum of 2 atomic radii = 1.40000 ang  state ... OK ( 0.00224 ang, 100.16%)
  to atom(11): Te length =  2.85133 ang (= 0.60773); sum of 2 atomic radii = 1.40000 ang  state ... OK ( 1.45133 ang, 203.67%)
  to atom(12): Te length =  4.17944 ang (= 0.89081); sum of 2 atomic radii = 1.40000 ang  state ... OK ( 2.77944 ang, 298.53%)
  to atom(13): Te length =  1.40224 ang (= 0.29887); sum of 2 atomic radii = 1.40000 ang  state ... OK ( 0.00224 ang, 100.16%)
  to atom(14): Te length =  4.17944 ang (= 0.89081); sum of 2 atomic radii = 1.40000 ang  state ... OK ( 2.77944 ang, 298.53%)
  to atom(15): Te length =  2.85133 ang (= 0.60773); sum of 2 atomic radii = 1.40000 ang  state ... OK ( 1.45133 ang, 203.67%)
From atom( 8):Te
  to atom( 9): Te length =  3.54868 ang (= 0.75637); sum of 2 atomic radii = 1.40000 ang  state ... OK ( 2.14868 ang, 253.48%)
  to atom(10): Te length =  4.17944 ang (= 0.89081); sum of 2 atomic radii = 1.40000 ang  state ... OK ( 2.77944 ang, 298.53%)
  to atom(11): Te length =  1.40224 ang (= 0.29887); sum of 2 atomic radii = 1.40000 ang  state ... OK ( 0.00224 ang, 100.16%)
  to atom(12): Te length =  2.85133 ang (= 0.60773); sum of 2 atomic radii = 1.40000 ang  state ... OK ( 1.45133 ang, 203.67%)
  to atom(13): Te length =  2.85133 ang (= 0.60773); sum of 2 atomic radii = 1.40000 ang  state ... OK ( 1.45133 ang, 203.67%)
  to atom(14): Te length =  1.40224 ang (= 0.29887); sum of 2 atomic radii = 1.40000 ang  state ... OK ( 0.00224 ang, 100.16%)
  to atom(15): Te length =  4.17944 ang (= 0.89081); sum of 2 atomic radii = 1.40000 ang  state ... OK ( 2.77944 ang, 298.53%)
From atom( 9):Te
  to atom(10): Te length =  2.85133 ang (= 0.60773); sum of 2 atomic radii = 1.40000 ang  state ... OK ( 1.45133 ang, 203.67%)
  to atom(11): Te length =  4.17944 ang (= 0.89081); sum of 2 atomic radii = 1.40000 ang  state ... OK ( 2.77944 ang, 298.53%)
  to atom(12): Te length =  5.47533 ang (= 1.16701); sum of 2 atomic radii = 1.40000 ang  state ... OK ( 4.07533 ang, 391.10%)
  to atom(13): Te length =  4.58135 ang (= 0.97647); sum of 2 atomic radii = 1.40000 ang  state ... OK ( 3.18135 ang, 327.24%)
  to atom(14): Te length =  2.85133 ang (= 0.60773); sum of 2 atomic radii = 1.40000 ang  state ... OK ( 1.45133 ang, 203.67%)
  to atom(15): Te length =  1.40224 ang (= 0.29887); sum of 2 atomic radii = 1.40000 ang  state ... OK ( 0.00224 ang, 100.16%)
From atom(10):Te
  to atom(11): Te length =  3.54868 ang (= 0.75637); sum of 2 atomic radii = 1.40000 ang  state ... OK ( 2.14868 ang, 253.48%)
  to atom(12): Te length =  5.32543 ang (= 1.13506); sum of 2 atomic radii = 1.40000 ang  state ... OK ( 3.92543 ang, 380.39%)
  to atom(13): Te length =  2.80449 ang (= 0.59775); sum of 2 atomic radii = 1.40000 ang  state ... OK ( 1.40449 ang, 200.32%)
  to atom(14): Te length =  3.24159 ang (= 0.69091); sum of 2 atomic radii = 1.40000 ang  state ... OK ( 1.84159 ang, 231.54%)
  to atom(15): Te length =  2.75674 ang (= 0.58757); sum of 2 atomic radii = 1.40000 ang  state ... OK ( 1.35674 ang, 196.91%)
From atom(11):Te
  to atom(12): Te length =  3.54868 ang (= 0.75637); sum of 2 atomic radii = 1.40000 ang  state ... OK ( 2.14868 ang, 253.48%)
  to atom(13): Te length =  2.75674 ang (= 0.58757); sum of 2 atomic radii = 1.40000 ang  state ... OK ( 1.35674 ang, 196.91%)
  to atom(14): Te length =  2.80449 ang (= 0.59775); sum of 2 atomic radii = 1.40000 ang  state ... OK ( 1.40449 ang, 200.32%)
  to atom(15): Te length =  3.24159 ang (= 0.69091); sum of 2 atomic radii = 1.40000 ang  state ... OK ( 1.84159 ang, 231.54%)
From atom(12):Te
  to atom(13): Te length =  3.24159 ang (= 0.69091); sum of 2 atomic radii = 1.40000 ang  state ... OK ( 1.84159 ang, 231.54%)
  to atom(14): Te length =  2.75674 ang (= 0.58757); sum of 2 atomic radii = 1.40000 ang  state ... OK ( 1.35674 ang, 196.91%)
  to atom(15): Te length =  2.80449 ang (= 0.59775); sum of 2 atomic radii = 1.40000 ang  state ... OK ( 1.40449 ang, 200.32%)
From atom(13):Te
  to atom(14): Te length =  3.54868 ang (= 0.75637); sum of 2 atomic radii = 1.40000 ang  state ... OK ( 2.14868 ang, 253.48%)
  to atom(15): Te length =  3.54868 ang (= 0.75637); sum of 2 atomic radii = 1.40000 ang  state ... OK ( 2.14868 ang, 253.48%)
From atom(14):Te
  to atom(15): Te length =  3.54868 ang (= 0.75637); sum of 2 atomic radii = 1.40000 ang  state ... OK ( 2.14868 ang, 253.48%)
