---- Space Group infomation ----
Crystal system :cubic
Bravais Lattice:simple cubic lattice
Point Group:Oh

Index of Space group    :#221 (1)
Schoenflies symbol      :Oh1
Hermann-Mauguin symbol  :Pm-3m

Group Elements
  1   1  E       X  Y  Z   0/1  0/1  0/1
  2   2  C2X     X -Y -Z   0/1  0/1  0/1
  3   3  C2Y    -X  Y -Z   0/1  0/1  0/1
  4   4  C2Z    -X -Y  Z   0/1  0/1  0/1
  5   5  C31+    Z  X  Y   0/1  0/1  0/1
  6   6  C32+   -Z  X -Y   0/1  0/1  0/1
  7   7  C33+   -Z -X  Y   0/1  0/1  0/1
  8   8  C34+    Z -X -Y   0/1  0/1  0/1
  9   9  C31-    Y  Z  X   0/1  0/1  0/1
 10  10  C32-    Y -Z -X   0/1  0/1  0/1
 11  11  C33-   -Y  Z -X   0/1  0/1  0/1
 12  12  C34-   -Y -Z  X   0/1  0/1  0/1
 13  13  C2A     Y  X -Z   0/1  0/1  0/1
 14  14  C2B    -Y -X -Z   0/1  0/1  0/1
 15  15  C2C     Z -Y  X   0/1  0/1  0/1
 16  16  C2D    -X  Z  Y   0/1  0/1  0/1
 17  17  C2E    -Z -Y -X   0/1  0/1  0/1
 18  18  C2F    -X -Z -Y   0/1  0/1  0/1
 19  19  C4X+    X -Z  Y   0/1  0/1  0/1
 20  20  C4Y+    Z  Y -X   0/1  0/1  0/1
 21  21  C4Z+   -Y  X  Z   0/1  0/1  0/1
 22  22  C4X-    X  Z -Y   0/1  0/1  0/1
 23  23  C4Y-   -Z  Y  X   0/1  0/1  0/1
 24  24  C4Z-    Y -X  Z   0/1  0/1  0/1
 25  25  IE     -X -Y -Z   0/1  0/1  0/1
 26  26  IC2X   -X  Y  Z   0/1  0/1  0/1
 27  27  IC2Y    X -Y  Z   0/1  0/1  0/1
 28  28  IC2Z    X  Y -Z   0/1  0/1  0/1
 29  29  IC31+  -Z -X -Y   0/1  0/1  0/1
 30  30  IC32+   Z -X  Y   0/1  0/1  0/1
 31  31  IC33+   Z  X -Y   0/1  0/1  0/1
 32  32  IC34+  -Z  X  Y   0/1  0/1  0/1
 33  33  IC31-  -Y -Z -X   0/1  0/1  0/1
 34  34  IC32-  -Y  Z  X   0/1  0/1  0/1
 35  35  IC33-   Y -Z  X   0/1  0/1  0/1
 36  36  IC34-   Y  Z -X   0/1  0/1  0/1
 37  37  IC2A   -Y -X  Z   0/1  0/1  0/1
 38  38  IC2B    Y  X  Z   0/1  0/1  0/1
 39  39  IC2C   -Z  Y -X   0/1  0/1  0/1
 40  40  IC2D    X -Z -Y   0/1  0/1  0/1
 41  41  IC2E    Z  Y  X   0/1  0/1  0/1
 42  42  IC2F    X  Z  Y   0/1  0/1  0/1
 43  43  IC4X+  -X  Z -Y   0/1  0/1  0/1
 44  44  IC4Y+  -Z -Y  X   0/1  0/1  0/1
 45  45  IC4Z+   Y -X -Z   0/1  0/1  0/1
 46  46  IC4X-  -X -Z  Y   0/1  0/1  0/1
 47  47  IC4Y-   Z -Y -X   0/1  0/1  0/1
 48  48  IC4Z-  -Y  X -Z   0/1  0/1  0/1

Group Table
  1  2  3  4  5  6  7  8  9 10 11 12 13 14 15 16 17 18 19 20 21 22 23 24 25 26 27 28 29 30 31 32 33 34 35 36 37 38 39 40 41 42 43 44 45 46 47 48
  2  1  4  3  8  7  6  5 10  9 12 11 24 21 20 18 23 16 22 15 14 19 17 13 26 25 28 27 32 31 30 29 34 33 36 35 48 45 44 42 47 40 46 39 38 43 41 37
  3  4  1  2  6  5  8  7 11 12  9 10 21 24 17 22 15 19 18 23 13 16 20 14 27 28 25 26 30 29 32 31 35 36 33 34 45 48 41 46 39 43 42 47 37 40 44 38
  4  3  2  1  7  8  5  6 12 11 10  9 14 13 23 19 20 22 16 17 24 18 15 21 28 27 26 25 31 32 29 30 36 35 34 33 38 37 47 43 44 46 40 41 48 42 39 45
  5  6  7  8  9 12 10 11  1  3  4  2 23 17 22 24 18 14 13 16 15 21 19 20 29 30 31 32 33 36 34 35 25 27 28 26 47 41 46 48 42 38 37 40 39 45 43 44
  6  5  8  7 11 10 12  9  3  1  2  4 20 15 16 14 19 24 21 22 17 13 18 23 30 29 32 31 35 34 36 33 27 25 26 28 44 39 40 38 43 48 45 46 41 37 42 47
  7  8  5  6 12  9 11 10  4  2  1  3 15 20 18 21 22 13 14 19 23 24 16 17 31 32 29 30 36 33 35 34 28 26 25 27 39 44 42 45 46 37 38 43 47 48 40 41
  8  7  6  5 10 11  9 12  2  4  3  1 17 23 19 13 16 21 24 18 20 14 22 15 32 31 30 29 34 35 33 36 26 28 27 25 41 47 43 37 40 45 48 42 44 38 46 39
  9 12 10 11  1  2  3  4  5  7  8  6 19 18 21 20 14 17 23 24 22 15 13 16 33 36 34 35 25 26 27 28 29 31 32 30 43 42 45 44 38 41 47 48 46 39 37 40
 10 11  9 12  2  1  4  3  8  6  5  7 22 16 14 15 21 23 17 13 19 20 24 18 34 35 33 36 26 25 28 27 32 30 29 31 46 40 38 39 45 47 41 37 43 44 48 42
 11 10 12  9  3  4  1  2  6  8  7  5 18 19 13 23 24 15 20 14 16 17 21 22 35 34 36 33 27 28 25 26 30 32 31 29 42 43 37 47 48 39 44 38 40 41 45 46
 12  9 11 10  4  3  2  1  7  5  6  8 16 22 24 17 13 20 15 21 18 23 14 19 36 33 35 34 28 27 26 25 31 29 30 32 40 46 48 41 37 44 39 45 42 47 38 43
 13 21 24 14 22 19 18 16 20 23 15 17  1  4 11  8 12  7  6  9  2  5 10  3 37 45 48 38 46 43 42 40 44 47 39 41 25 28 35 32 36 31 30 33 26 29 34 27
 14 24 21 13 18 16 22 19 17 15 23 20  4  1 10  6  9  5  8 12  3  7 11  2 38 48 45 37 42 40 46 43 41 39 47 44 28 25 34 30 33 29 32 36 27 31 35 26
 15 23 17 20 24 14 13 21 19 16 18 22  7  6  1 10  3 11  9  4  8 12  2  5 39 47 41 44 48 38 37 45 43 40 42 46 31 30 25 34 27 35 33 28 32 36 26 29
 16 18 19 22 23 15 20 17 21 14 24 13 12 10  6  1  8  2  3  7  9  4  5 11 40 42 43 46 47 39 44 41 45 38 48 37 36 34 30 25 32 26 27 31 33 28 29 35
 17 20 15 23 14 24 21 13 18 22 19 16  8  5  3 12  1  9 11  2  7 10  4  6 41 44 39 47 38 48 45 37 42 46 43 40 32 29 27 36 25 33 35 26 31 34 28 30
 18 16 22 19 17 20 15 23 14 21 13 24 11  9  7  2  5  1  4  6 10  3  8 12 42 40 46 43 41 44 39 47 38 45 37 48 35 33 31 26 29 25 28 30 34 27 32 36
 19 22 16 18 15 23 17 20 24 13 21 14  9 11  8  4  6  3  2  5 12  1  7 10 43 46 40 42 39 47 41 44 48 37 45 38 33 35 32 28 30 27 26 29 36 25 31 34
 20 17 23 15 13 21 24 14 22 18 16 19  6  7  2  9  4 12 10  3  5 11  1  8 44 41 47 39 37 45 48 38 46 42 40 43 30 31 26 33 28 36 34 27 29 35 25 32
 21 13 14 24 16 18 19 22 23 20 17 15  3  2  9  7 10  8  5 11  4  6 12  1 45 37 38 48 40 42 43 46 47 44 41 39 27 26 33 31 34 32 29 35 28 30 36 25
 22 19 18 16 20 17 23 15 13 24 14 21 10 12  5  3  7  4  1  8 11  2  6  9 46 43 42 40 44 41 47 39 37 48 38 45 34 36 29 27 31 28 25 32 35 26 30 33
 23 15 20 17 21 13 14 24 16 19 22 18  5  8  4 11  2 10 12  1  6  9  3  7 47 39 44 41 45 37 38 48 40 43 46 42 29 32 28 35 26 34 36 25 30 33 27 31
 24 14 13 21 19 22 16 18 15 17 20 23  2  3 12  5 11  6  7 10  1  8  9  4 48 38 37 45 43 46 40 42 39 41 44 47 26 27 36 29 35 30 31 34 25 32 33 28
 25 26 27 28 29 30 31 32 33 34 35 36 37 38 39 40 41 42 43 44 45 46 47 48  1  2  3  4  5  6  7  8  9 10 11 12 13 14 15 16 17 18 19 20 21 22 23 24
 26 25 28 27 32 31 30 29 34 33 36 35 48 45 44 42 47 40 46 39 38 43 41 37  2  1  4  3  8  7  6  5 10  9 12 11 24 21 20 18 23 16 22 15 14 19 17 13
 27 28 25 26 30 29 32 31 35 36 33 34 45 48 41 46 39 43 42 47 37 40 44 38  3  4  1  2  6  5  8  7 11 12  9 10 21 24 17 22 15 19 18 23 13 16 20 14
 28 27 26 25 31 32 29 30 36 35 34 33 38 37 47 43 44 46 40 41 48 42 39 45  4  3  2  1  7  8  5  6 12 11 10  9 14 13 23 19 20 22 16 17 24 18 15 21
 29 30 31 32 33 36 34 35 25 27 28 26 47 41 46 48 42 38 37 40 39 45 43 44  5  6  7  8  9 12 10 11  1  3  4  2 23 17 22 24 18 14 13 16 15 21 19 20
 30 29 32 31 35 34 36 33 27 25 26 28 44 39 40 38 43 48 45 46 41 37 42 47  6  5  8  7 11 10 12  9  3  1  2  4 20 15 16 14 19 24 21 22 17 13 18 23
 31 32 29 30 36 33 35 34 28 26 25 27 39 44 42 45 46 37 38 43 47 48 40 41  7  8  5  6 12  9 11 10  4  2  1  3 15 20 18 21 22 13 14 19 23 24 16 17
 32 31 30 29 34 35 33 36 26 28 27 25 41 47 43 37 40 45 48 42 44 38 46 39  8  7  6  5 10 11  9 12  2  4  3  1 17 23 19 13 16 21 24 18 20 14 22 15
 33 36 34 35 25 26 27 28 29 31 32 30 43 42 45 44 38 41 47 48 46 39 37 40  9 12 10 11  1  2  3  4  5  7  8  6 19 18 21 20 14 17 23 24 22 15 13 16
 34 35 33 36 26 25 28 27 32 30 29 31 46 40 38 39 45 47 41 37 43 44 48 42 10 11  9 12  2  1  4  3  8  6  5  7 22 16 14 15 21 23 17 13 19 20 24 18
 35 34 36 33 27 28 25 26 30 32 31 29 42 43 37 47 48 39 44 38 40 41 45 46 11 10 12  9  3  4  1  2  6  8  7  5 18 19 13 23 24 15 20 14 16 17 21 22
 36 33 35 34 28 27 26 25 31 29 30 32 40 46 48 41 37 44 39 45 42 47 38 43 12  9 11 10  4  3  2  1  7  5  6  8 16 22 24 17 13 20 15 21 18 23 14 19
 37 45 48 38 46 43 42 40 44 47 39 41 25 28 35 32 36 31 30 33 26 29 34 27 13 21 24 14 22 19 18 16 20 23 15 17  1  4 11  8 12  7  6  9  2  5 10  3
 38 48 45 37 42 40 46 43 41 39 47 44 28 25 34 30 33 29 32 36 27 31 35 26 14 24 21 13 18 16 22 19 17 15 23 20  4  1 10  6  9  5  8 12  3  7 11  2
 39 47 41 44 48 38 37 45 43 40 42 46 31 30 25 34 27 35 33 28 32 36 26 29 15 23 17 20 24 14 13 21 19 16 18 22  7  6  1 10  3 11  9  4  8 12  2  5
 40 42 43 46 47 39 44 41 45 38 48 37 36 34 30 25 32 26 27 31 33 28 29 35 16 18 19 22 23 15 20 17 21 14 24 13 12 10  6  1  8  2  3  7  9  4  5 11
 41 44 39 47 38 48 45 37 42 46 43 40 32 29 27 36 25 33 35 26 31 34 28 30 17 20 15 23 14 24 21 13 18 22 19 16  8  5  3 12  1  9 11  2  7 10  4  6
 42 40 46 43 41 44 39 47 38 45 37 48 35 33 31 26 29 25 28 30 34 27 32 36 18 16 22 19 17 20 15 23 14 21 13 24 11  9  7  2  5  1  4  6 10  3  8 12
 43 46 40 42 39 47 41 44 48 37 45 38 33 35 32 28 30 27 26 29 36 25 31 34 19 22 16 18 15 23 17 20 24 13 21 14  9 11  8  4  6  3  2  5 12  1  7 10
 44 41 47 39 37 45 48 38 46 42 40 43 30 31 26 33 28 36 34 27 29 35 25 32 20 17 23 15 13 21 24 14 22 18 16 19  6  7  2  9  4 12 10  3  5 11  1  8
 45 37 38 48 40 42 43 46 47 44 41 39 27 26 33 31 34 32 29 35 28 30 36 25 21 13 14 24 16 18 19 22 23 20 17 15  3  2  9  7 10  8  5 11  4  6 12  1
 46 43 42 40 44 41 47 39 37 48 38 45 34 36 29 27 31 28 25 32 35 26 30 33 22 19 18 16 20 17 23 15 13 24 14 21 10 12  5  3  7  4  1  8 11  2  6  9
 47 39 44 41 45 37 38 48 40 43 46 42 29 32 28 35 26 34 36 25 30 33 27 31 23 15 20 17 21 13 14 24 16 19 22 18  5  8  4 11  2 10 12  1  6  9  3  7
 48 38 37 45 43 46 40 42 39 41 44 47 26 27 36 29 35 30 31 34 25 32 33 28 24 14 13 21 19 22 16 18 15 17 20 23  2  3 12  5 11  6  7 10  1  8  9  4

Basis set:
 t[1] =   1.951649  0.000000  0.000000
 t[2] =   0.000000  1.951649  0.000000
 t[3] =   0.000000  0.000000  1.951649

--- self test for lattice constant ---
 reconstruct a, b, c, alpha, beta and gammma
  a = 1.951649 [ang] (err=0.000e+00)
  b = 1.951649 [ang] (err=0.000e+00)
  c = 1.951649 [ang] (err=0.000e+00)
  c/a =  1.00000

  alpha = 90.00000 [deg] (err=0.000e+00)
  beta  = 90.00000 [deg] (err=0.000e+00)
  gamma = 90.00000 [deg] (err=0.000e+00)

  volume =   7.433706 [ang^3]

-- Atomic Position(not including sublattice):
element:Si  wyckoff_position:1a
 (  1)   0.000000   0.000000   0.000000
element:Si  wyckoff_position:1b
 (  2)   0.500000   0.500000   0.500000


-- Atomic Position(including sublattice):
sublattice points in this lattice:
atomic coordinate:
 (  1) element:Si   0.000000   0.000000   0.000000
 (  2) element:Si   0.500000   0.500000   0.500000

---- Neighbor Table ----
From atom( 1):Si
  to atom( 2): Si length =  1.69018 ang (= 0.86603); sum of 2 atomic radii = 1.10000 ang  state ... OK ( 0.59018 ang, 153.65%)
