---- Space Group infomation ----
Crystal system :tetragonal
Bravais Lattice:body centered tetragonal lattice
Point Group:D4h

Index of Space group    :#139 (1)
Schoenflies symbol      :D4h17
Hermann-Mauguin symbol  :I4/mmm

Group Elements
  1   1  E       X  Y  Z   0/1  0/1  0/1
  2   2  C2X     X -Y -Z   0/1  0/1  0/1
  3   3  C2Y    -X  Y -Z   0/1  0/1  0/1
  4   4  C2Z    -X -Y  Z   0/1  0/1  0/1
  5  13  C2A     Y  X -Z   0/1  0/1  0/1
  6  14  C2B    -Y -X -Z   0/1  0/1  0/1
  7  21  C4Z+   -Y  X  Z   0/1  0/1  0/1
  8  24  C4Z-    Y -X  Z   0/1  0/1  0/1
  9  25  IE     -X -Y -Z   0/1  0/1  0/1
 10  26  IC2X   -X  Y  Z   0/1  0/1  0/1
 11  27  IC2Y    X -Y  Z   0/1  0/1  0/1
 12  28  IC2Z    X  Y -Z   0/1  0/1  0/1
 13  37  IC2A   -Y -X  Z   0/1  0/1  0/1
 14  38  IC2B    Y  X  Z   0/1  0/1  0/1
 15  45  IC4Z+   Y -X -Z   0/1  0/1  0/1
 16  48  IC4Z-  -Y  X -Z   0/1  0/1  0/1

Group Table
  1  2  3  4 13 14 21 24 25 26 27 28 37 38 45 48
  2  1  4  3 24 21 14 13 26 25 28 27 48 45 38 37
  3  4  1  2 21 24 13 14 27 28 25 26 45 48 37 38
  4  3  2  1 14 13 24 21 28 27 26 25 38 37 48 45
 13 21 24 14  1  4  2  3 37 45 48 38 25 28 26 27
 14 24 21 13  4  1  3  2 38 48 45 37 28 25 27 26
 21 13 14 24  3  2  4  1 45 37 38 48 27 26 28 25
 24 14 13 21  2  3  1  4 48 38 37 45 26 27 25 28
 25 26 27 28 37 38 45 48  1  2  3  4 13 14 21 24
 26 25 28 27 48 45 38 37  2  1  4  3 24 21 14 13
 27 28 25 26 45 48 37 38  3  4  1  2 21 24 13 14
 28 27 26 25 38 37 48 45  4  3  2  1 14 13 24 21
 37 45 48 38 25 28 26 27 13 21 24 14  1  4  2  3
 38 48 45 37 28 25 27 26 14 24 21 13  4  1  3  2
 45 37 38 48 27 26 28 25 21 13 14 24  3  2  4  1
 48 38 37 45 26 27 25 28 24 14 13 21  2  3  1  4

Basis set:
 t[1] =   4.898467  0.000000  0.000000
 t[2] =   0.000000  4.898467  0.000000
 t[3] =   0.000000  0.000000  4.360191

--- self test for lattice constant ---
 reconstruct a, b, c, alpha, beta and gammma
  a = 4.898467 [ang] (err=0.000e+00)
  b = 4.898467 [ang] (err=0.000e+00)
  c = 4.360191 [ang] (err=0.000e+00)
  c/a =  0.89011

  alpha = 90.00000 [deg] (err=0.000e+00)
  beta  = 90.00000 [deg] (err=0.000e+00)
  gamma = 90.00000 [deg] (err=0.000e+00)

  volume = 104.622697 [ang^3]

-- Atomic Position(not including sublattice):
Atom:Ca  wyckoff_position:2a
 (  1)   0.000000   0.000000   0.000000
Atom:Fe  wyckoff_position:4d
 (  2)   0.000000   0.500000   0.250000
 (  3)   0.000000   0.500000  -0.250000
Atom:As  wyckoff_position:4e
 (  4)   0.000000   0.000000   0.226130
 (  5)   0.000000   0.000000  -0.226130


Lattice constant in trigonal axis coordinate
  a_trg = 3.179731 [ang]
  alpha_trg = 100.755275 [deg]
-- Atomic Position(including sublattice):
sublattice points in this lattice:
  (1)   0.50000   0.50000   0.50000
atomic coordinate:
 (  1) atom:Ca   0.000000   0.000000   0.000000
 (  2) atom:Ca   0.500000   0.500000   0.500000
 (  3) atom:Fe   0.000000   0.500000   0.250000
 (  4) atom:Fe   0.500000   0.000000  -0.250000
 (  5) atom:Fe   0.000000   0.500000  -0.250000
 (  6) atom:Fe   0.500000   0.000000   0.250000
 (  7) atom:As   0.000000   0.000000   0.226130
 (  8) atom:As   0.500000   0.500000  -0.273870
 (  9) atom:As   0.000000   0.000000  -0.226130
 ( 10) atom:As   0.500000   0.500000   0.273870

---- Neighbor Table ----
From atom( 1):Ca
  to atom( 2): Ca length =  4.09271 ang (= 0.83551); sum of 2 atomic radii = 1.80000 ang  state ... OK ( 2.29271 ang, 227.37%)
  to atom( 3): Fe length =  2.68085 ang (= 0.54728); sum of 2 atomic radii = 1.40000 ang  state ... OK ( 1.28085 ang, 191.49%)
  to atom( 4): Fe length =  2.68085 ang (= 0.54728); sum of 2 atomic radii = 1.40000 ang  state ... OK ( 1.28085 ang, 191.49%)
  to atom( 5): Fe length =  2.68085 ang (= 0.54728); sum of 2 atomic radii = 1.40000 ang  state ... OK ( 1.28085 ang, 191.49%)
  to atom( 6): Fe length =  2.68085 ang (= 0.54728); sum of 2 atomic radii = 1.40000 ang  state ... OK ( 1.28085 ang, 191.49%)
  to atom( 7): As length =  0.98597 ang (= 0.20128); sum of 2 atomic radii = 1.15000 ang  state ... NG (-0.16403 ang,  85.74%)
  to atom( 8): As length =  3.66380 ang (= 0.74795); sum of 2 atomic radii = 1.15000 ang  state ... OK ( 2.51380 ang, 318.59%)
  to atom( 9): As length =  0.98597 ang (= 0.20128); sum of 2 atomic radii = 1.15000 ang  state ... NG (-0.16403 ang,  85.74%)
  to atom(10): As length =  3.66380 ang (= 0.74795); sum of 2 atomic radii = 1.15000 ang  state ... OK ( 2.51380 ang, 318.59%)
From atom( 2):Ca
  to atom( 3): Fe length =  2.68085 ang (= 0.54728); sum of 2 atomic radii = 1.40000 ang  state ... OK ( 1.28085 ang, 191.49%)
  to atom( 4): Fe length =  4.08566 ang (= 0.83407); sum of 2 atomic radii = 1.40000 ang  state ... OK ( 2.68566 ang, 291.83%)
  to atom( 5): Fe length =  4.08566 ang (= 0.83407); sum of 2 atomic radii = 1.40000 ang  state ... OK ( 2.68566 ang, 291.83%)
  to atom( 6): Fe length =  2.68085 ang (= 0.54728); sum of 2 atomic radii = 1.40000 ang  state ... OK ( 1.28085 ang, 191.49%)
  to atom( 7): As length =  3.66380 ang (= 0.74795); sum of 2 atomic radii = 1.15000 ang  state ... OK ( 2.51380 ang, 318.59%)
  to atom( 8): As length =  3.37422 ang (= 0.68883); sum of 2 atomic radii = 1.15000 ang  state ... OK ( 2.22422 ang, 293.41%)
  to atom( 9): As length =  4.69270 ang (= 0.95799); sum of 2 atomic radii = 1.15000 ang  state ... OK ( 3.54270 ang, 408.06%)
  to atom(10): As length =  0.98597 ang (= 0.20128); sum of 2 atomic radii = 1.15000 ang  state ... NG (-0.16403 ang,  85.74%)
From atom( 3):Fe
  to atom( 4): Fe length =  4.09271 ang (= 0.83551); sum of 2 atomic radii = 1.40000 ang  state ... OK ( 2.69271 ang, 292.34%)
  to atom( 5): Fe length =  2.18010 ang (= 0.44506); sum of 2 atomic radii = 1.40000 ang  state ... OK ( 0.78010 ang, 155.72%)
  to atom( 6): Fe length =  3.46374 ang (= 0.70711); sum of 2 atomic radii = 1.40000 ang  state ... OK ( 2.06374 ang, 247.41%)
  to atom( 7): As length =  2.45144 ang (= 0.50045); sum of 2 atomic radii = 1.15000 ang  state ... OK ( 1.30144 ang, 213.17%)
  to atom( 8): As length =  3.34906 ang (= 0.68370); sum of 2 atomic radii = 1.15000 ang  state ... OK ( 2.19906 ang, 291.22%)
  to atom( 9): As length =  3.21070 ang (= 0.65545); sum of 2 atomic radii = 1.15000 ang  state ... OK ( 2.06070 ang, 279.19%)
  to atom(10): As length =  2.45144 ang (= 0.50045); sum of 2 atomic radii = 1.15000 ang  state ... OK ( 1.30144 ang, 213.17%)
From atom( 4):Fe
  to atom( 5): Fe length =  3.46374 ang (= 0.70711); sum of 2 atomic radii = 1.40000 ang  state ... OK ( 2.06374 ang, 247.41%)
  to atom( 6): Fe length =  2.18010 ang (= 0.44506); sum of 2 atomic radii = 1.40000 ang  state ... OK ( 0.78010 ang, 155.72%)
  to atom( 7): As length =  3.21070 ang (= 0.65545); sum of 2 atomic radii = 1.15000 ang  state ... OK ( 2.06070 ang, 279.19%)
  to atom( 8): As length =  2.45144 ang (= 0.50045); sum of 2 atomic radii = 1.15000 ang  state ... OK ( 1.30144 ang, 213.17%)
  to atom( 9): As length =  2.45144 ang (= 0.50045); sum of 2 atomic radii = 1.15000 ang  state ... OK ( 1.30144 ang, 213.17%)
  to atom(10): As length =  3.21070 ang (= 0.65545); sum of 2 atomic radii = 1.15000 ang  state ... OK ( 2.06070 ang, 279.19%)
From atom( 5):Fe
  to atom( 6): Fe length =  4.09271 ang (= 0.83551); sum of 2 atomic radii = 1.40000 ang  state ... OK ( 2.69271 ang, 292.34%)
  to atom( 7): As length =  3.21070 ang (= 0.65545); sum of 2 atomic radii = 1.15000 ang  state ... OK ( 2.06070 ang, 279.19%)
  to atom( 8): As length =  2.45144 ang (= 0.50045); sum of 2 atomic radii = 1.15000 ang  state ... OK ( 1.30144 ang, 213.17%)
  to atom( 9): As length =  2.45144 ang (= 0.50045); sum of 2 atomic radii = 1.15000 ang  state ... OK ( 1.30144 ang, 213.17%)
  to atom(10): As length =  3.21070 ang (= 0.65545); sum of 2 atomic radii = 1.15000 ang  state ... OK ( 2.06070 ang, 279.19%)
From atom( 6):Fe
  to atom( 7): As length =  2.45144 ang (= 0.50045); sum of 2 atomic radii = 1.15000 ang  state ... OK ( 1.30144 ang, 213.17%)
  to atom( 8): As length =  3.34906 ang (= 0.68370); sum of 2 atomic radii = 1.15000 ang  state ... OK ( 2.19906 ang, 291.22%)
  to atom( 9): As length =  3.21070 ang (= 0.65545); sum of 2 atomic radii = 1.15000 ang  state ... OK ( 2.06070 ang, 279.19%)
  to atom(10): As length =  2.45144 ang (= 0.50045); sum of 2 atomic radii = 1.15000 ang  state ... OK ( 1.30144 ang, 213.17%)
From atom( 7):As
  to atom( 8): As length =  4.09271 ang (= 0.83551); sum of 2 atomic radii = 1.15000 ang  state ... OK ( 2.94271 ang, 355.89%)
  to atom( 9): As length =  1.97194 ang (= 0.40256); sum of 2 atomic radii = 1.15000 ang  state ... OK ( 0.82194 ang, 171.47%)
  to atom(10): As length =  3.46999 ang (= 0.70838); sum of 2 atomic radii = 1.15000 ang  state ... OK ( 2.31999 ang, 301.74%)
From atom( 8):As
  to atom( 9): As length =  3.46999 ang (= 0.70838); sum of 2 atomic radii = 1.15000 ang  state ... OK ( 2.31999 ang, 301.74%)
  to atom(10): As length =  1.97194 ang (= 0.40256); sum of 2 atomic radii = 1.15000 ang  state ... OK ( 0.82194 ang, 171.47%)
From atom( 9):As
  to atom(10): As length =  4.09271 ang (= 0.83551); sum of 2 atomic radii = 1.15000 ang  state ... OK ( 2.94271 ang, 355.89%)
